Select Gateway: a32104293011
<DB Info>
dbname: fuel_cell_cart
host: thingsboard.cluster-cjpmjgizagbq.ap-northeast-2.rds.amazonaws.com
port: 5432
<Golf Info>
golf_name: ASAN ARUMDAUN
gateway: ['a32104293011', 'a32104293013', 'a32104293016']
select gw: a32104293011
request date: 2022-01-05 14:30:02.931739
start date: 2021-12-25 23:39:46
end date: 2021-12-26 02:42:30
200 Receive Prediction Result
                  time    gateway_id  ...  meoh_concentration  predict
0  2021-12-26 02:42:30  a32104293011  ...               0.421   151.06
1  2021-12-26 02:42:20  a32104293011  ...               0.437   151.96
2  2021-12-26 02:42:10  a32104293011  ...               0.442   152.33
3  2021-12-26 02:42:00  a32104293011  ...               0.443   153.04
4  2021-12-26 02:41:50  a32104293011  ...               0.435   152.57
5  2021-12-26 02:41:40  a32104293011  ...               0.494   150.47
6  2021-12-26 02:41:30  a32104293011  ...               0.438   152.51
7  2021-12-26 02:41:20  a32104293011  ...               0.428   152.95
8  2021-12-26 02:41:10  a32104293011  ...               0.443   152.34
9  2021-12-26 02:41:00  a32104293011  ...               0.482   150.21
10 2021-12-26 02:40:50  a32104293011  ...               0.448   151.96
11 2021-12-26 02:40:40  a32104293011  ...               0.463   152.55
12 2021-12-26 02:40:30  a32104293011  ...               0.462   151.95

[13 rows x 7 columns]
Insert DB Success
